==== Mysql Query Error
---- 1064: You have an error in your SQL syntax; check the manual that corresponds to your MySQL server version for the right syntax to use near '-10,10' at line 1
---- Query: SELECT * FROM warm_page WHERE cid=0 ORDER BY type DESC, createtime DESC LIMIT -10,10
---- 2019-03-07 05:40:46

==== Mysql Query Error
---- 1064: You have an error in your SQL syntax; check the manual that corresponds to your MySQL server version for the right syntax to use near '-10,10' at line 1
---- Query: SELECT * FROM warm_page WHERE cid=0 ORDER BY type DESC, createtime DESC LIMIT -10,10
---- 2019-03-07 05:40:55

==== Mysql Query Error
---- 1064: You have an error in your SQL syntax; check the manual that corresponds to your MySQL server version for the right syntax to use near '' at line 1
---- Query: SELECT COUNT(*) FROM warm_page WHERE cid=
---- 2019-04-14 00:24:44

==== Mysql Query Error
---- 1146: Table 'test.warm_page' doesn't exist
---- Query: SELECT COUNT(*) FROM warm_page WHERE cid=0
---- 2019-04-14 00:37:11

==== Mysql Query Error
---- 1146: Table 'test.warm_page' doesn't exist
---- Query: SELECT COUNT(*) FROM warm_page WHERE cid=0
---- 2019-04-14 00:38:23

